2020-12-10 22:33:23.609  INFO 8664 --- [localhost-startStop-1] o.s.web.context.ContextLoader            : Root WebApplicationContext: initialization completed in 1850 ms
2020-12-10 22:33:23.785 DEBUG 8664 --- [main] org.apache.ibatis.logging.LogFactory     : Logging initialized using 'class org.apache.ibatis.logging.slf4j.Slf4jImpl' adapter.
2020-12-10 22:33:23.960 DEBUG 8664 --- [main] org.apache.ibatis.io.VFS                 : Using VFS adapter com.baomidou.mybatisplus.autoconfigure.SpringBootVFS
2020-12-10 22:33:24.412 ERROR 8664 --- [main] c.b.m.core.MybatisConfiguration          : mapper[com.javaAdvance.hmily.order.repository.mysql.mapper.GoodsOrderMapper.update] is ignored, because it exists, maybe from xml file
2020-12-10 22:33:25.398  INFO 8664 --- [main] o.s.w.s.handler.SimpleUrlHandlerMapping  : Mapped URL path [/**/favicon.ico] onto handler of type [class org.springframework.web.servlet.resource.ResourceHttpRequestHandler]
2020-12-10 22:33:25.645  INFO 8664 --- [main] s.w.s.m.m.a.RequestMappingHandlerAdapter : Looking for @ControllerAdvice: org.springframework.boot.web.servlet.context.AnnotationConfigServletWebServerApplicationContext@64a4dd8d: startup date [Thu Dec 10 22:33:21 CST 2020]; parent: org.springframework.context.annotation.AnnotationConfigApplicationContext@2ed3b1f5
2020-12-10 22:33:25.733  INFO 8664 --- [main] s.w.s.m.m.a.RequestMappingHandlerMapping : Mapped "{[/order/pay]}" onto public com.javaAdvance.hmily.order.base.ResultBean com.javaAdvance.hmily.order.web.OrderController.pay(java.lang.Integer,java.lang.Integer,java.math.BigDecimal,java.lang.Integer)
2020-12-10 22:33:25.736  INFO 8664 --- [main] s.w.s.m.m.a.RequestMappingHandlerMapping : Mapped "{[/error],produces=[text/html]}" onto public org.springframework.web.servlet.ModelAndView org.springframework.boot.autoconfigure.web.servlet.error.BasicErrorController.errorHtml(javax.servlet.http.HttpServletRequest,javax.servlet.http.HttpServletResponse)
2020-12-10 22:33:25.736  INFO 8664 --- [main] s.w.s.m.m.a.RequestMappingHandlerMapping : Mapped "{[/error]}" onto public org.springframework.http.ResponseEntity<java.util.Map<java.lang.String, java.lang.Object>> org.springframework.boot.autoconfigure.web.servlet.error.BasicErrorController.error(javax.servlet.http.HttpServletRequest)
2020-12-10 22:33:25.771  INFO 8664 --- [main] o.s.w.s.handler.SimpleUrlHandlerMapping  : Mapped URL path [/webjars/**] onto handler of type [class org.springframework.web.servlet.resource.ResourceHttpRequestHandler]
2020-12-10 22:33:25.772  INFO 8664 --- [main] o.s.w.s.handler.SimpleUrlHandlerMapping  : Mapped URL path [/**] onto handler of type [class org.springframework.web.servlet.resource.ResourceHttpRequestHandler]
2020-12-10 22:34:12.972  INFO 8664 --- [http-nio-8803-exec-1] o.s.web.servlet.DispatcherServlet        : FrameworkServlet 'dispatcherServlet': initialization started
2020-12-10 22:34:12.995  INFO 8664 --- [http-nio-8803-exec-1] o.s.web.servlet.DispatcherServlet        : FrameworkServlet 'dispatcherServlet': initialization completed in 23 ms
2020-12-10 22:34:13.055 ERROR 8664 --- [http-nio-8803-exec-1] org.dromara.hmily.spi.ExtensionLoader    : not found service provider for : org.dromara.hmily.core.service.HmilyTransactionHandlerFactory
2020-12-10 22:35:03.765 ERROR 8664 --- [http-nio-8803-exec-1] o.a.c.c.C.[.[.[.[dispatcherServlet]      : Servlet.service() for servlet [dispatcherServlet] in context with path [/hmily-order] threw exception [Request processing failed; nested exception is org.mybatis.spring.MyBatisSystemException: nested exception is org.apache.ibatis.binding.BindingException: Parameter 'et' not found. Available parameters are [orderId, orderStatus, param1, param2]] with root cause

org.apache.ibatis.binding.BindingException: Parameter 'et' not found. Available parameters are [orderId, orderStatus, param1, param2]
	at org.apache.ibatis.binding.MapperMethod$ParamMap.get(MapperMethod.java:204) ~[mybatis-3.4.6.jar:3.4.6]
	at org.apache.ibatis.scripting.xmltags.DynamicContext$ContextAccessor.getProperty(DynamicContext.java:115) ~[mybatis-3.4.6.jar:3.4.6]
	at org.apache.ibatis.ognl.OgnlRuntime.getProperty(OgnlRuntime.java:2685) ~[mybatis-3.4.6.jar:3.4.6]
	at org.apache.ibatis.ognl.ASTProperty.getValueBody(ASTProperty.java:114) ~[mybatis-3.4.6.jar:3.4.6]
	at org.apache.ibatis.ognl.SimpleNode.evaluateGetValueBody(SimpleNode.java:212) ~[mybatis-3.4.6.jar:3.4.6]
	at org.apache.ibatis.ognl.SimpleNode.getValue(SimpleNode.java:258) ~[mybatis-3.4.6.jar:3.4.6]
	at org.apache.ibatis.ognl.ASTNotEq.getValueBody(ASTNotEq.java:50) ~[mybatis-3.4.6.jar:3.4.6]
	at org.apache.ibatis.ognl.SimpleNode.evaluateGetValueBody(SimpleNode.java:212) ~[mybatis-3.4.6.jar:3.4.6]
	at org.apache.ibatis.ognl.SimpleNode.getValue(SimpleNode.java:258) ~[mybatis-3.4.6.jar:3.4.6]
	at org.apache.ibatis.ognl.Ognl.getValue(Ognl.java:470) ~[mybatis-3.4.6.jar:3.4.6]
	at org.apache.ibatis.ognl.Ognl.getValue(Ognl.java:434) ~[mybatis-3.4.6.jar:3.4.6]
	at org.apache.ibatis.scripting.xmltags.OgnlCache.getValue(OgnlCache.java:44) ~[mybatis-3.4.6.jar:3.4.6]
	at org.apache.ibatis.scripting.xmltags.ExpressionEvaluator.evaluateBoolean(ExpressionEvaluator.java:32) ~[mybatis-3.4.6.jar:3.4.6]
	at org.apache.ibatis.scripting.xmltags.IfSqlNode.apply(IfSqlNode.java:34) ~[mybatis-3.4.6.jar:3.4.6]
	at org.apache.ibatis.scripting.xmltags.MixedSqlNode.apply(MixedSqlNode.java:33) ~[mybatis-3.4.6.jar:3.4.6]
	at org.apache.ibatis.scripting.xmltags.TrimSqlNode.apply(TrimSqlNode.java:55) ~[mybatis-3.4.6.jar:3.4.6]
	at org.apache.ibatis.scripting.xmltags.MixedSqlNode.apply(MixedSqlNode.java:33) ~[mybatis-3.4.6.jar:3.4.6]
	at org.apache.ibatis.scripting.xmltags.DynamicSqlSource.getBoundSql(DynamicSqlSource.java:41) ~[mybatis-3.4.6.jar:3.4.6]
	at org.apache.ibatis.mapping.MappedStatement.getBoundSql(MappedStatement.java:292) ~[mybatis-3.4.6.jar:3.4.6]
	at org.apache.ibatis.executor.statement.BaseStatementHandler.<init>(BaseStatementHandler.java:64) ~[mybatis-3.4.6.jar:3.4.6]
	at org.apache.ibatis.executor.statement.PreparedStatementHandler.<init>(PreparedStatementHandler.java:40) ~[mybatis-3.4.6.jar:3.4.6]
	at org.apache.ibatis.executor.statement.RoutingStatementHandler.<init>(RoutingStatementHandler.java:46) ~[mybatis-3.4.6.jar:3.4.6]
	at org.apache.ibatis.session.Configuration.newStatementHandler(Configuration.java:558) ~[mybatis-3.4.6.jar:3.4.6]
	at org.apache.ibatis.executor.SimpleExecutor.doUpdate(SimpleExecutor.java:48) ~[mybatis-3.4.6.jar:3.4.6]
	at org.apache.ibatis.executor.BaseExecutor.update(BaseExecutor.java:117) ~[mybatis-3.4.6.jar:3.4.6]
	at org.apache.ibatis.session.defaults.DefaultSqlSession.update(DefaultSqlSession.java:198) ~[mybatis-3.4.6.jar:3.4.6]
	at sun.reflect.NativeMethodAccessorImpl.invoke0(Native Method) ~[na:1.8.0_271]
	at sun.reflect.NativeMethodAccessorImpl.invoke(NativeMethodAccessorImpl.java:62) ~[na:1.8.0_271]
	at sun.reflect.DelegatingMethodAccessorImpl.invoke(DelegatingMethodAccessorImpl.java:43) ~[na:1.8.0_271]
	at java.lang.reflect.Method.invoke(Method.java:498) ~[na:1.8.0_271]
	at org.mybatis.spring.SqlSessionTemplate$SqlSessionInterceptor.invoke(SqlSessionTemplate.java:433) ~[mybatis-spring-1.3.2.jar:1.3.2]
	at com.sun.proxy.$Proxy94.update(Unknown Source) ~[na:na]
	at org.mybatis.spring.SqlSessionTemplate.update(SqlSessionTemplate.java:294) ~[mybatis-spring-1.3.2.jar:1.3.2]
	at com.baomidou.mybatisplus.core.override.PageMapperMethod.execute(PageMapperMethod.java:73) ~[mybatis-plus-core-3.0.7.jar:3.0.7]
	at com.baomidou.mybatisplus.core.override.PageMapperProxy.invoke(PageMapperProxy.java:64) ~[mybatis-plus-core-3.0.7.jar:3.0.7]
	at com.sun.proxy.$Proxy95.update(Unknown Source) ~[na:na]
	at com.javaAdvance.hmily.order.service.impl.PayServiceImpl.updateProcess(PayServiceImpl.java:56) ~[classes/:na]
	at com.javaAdvance.hmily.order.service.impl.PayServiceImpl.pay(PayServiceImpl.java:40) ~[classes/:na]
	at com.javaAdvance.hmily.order.service.impl.PayServiceImpl$$FastClassBySpringCGLIB$$a3b8dd0a.invoke(<generated>) ~[classes/:na]
	at org.springframework.cglib.proxy.MethodProxy.invoke(MethodProxy.java:204) ~[spring-core-5.0.13.RELEASE.jar:5.0.13.RELEASE]
	at org.springframework.aop.framework.CglibAopProxy$CglibMethodInvocation.invokeJoinpoint(CglibAopProxy.java:746) ~[spring-aop-5.0.13.RELEASE.jar:5.0.13.RELEASE]
	at org.springframework.aop.framework.ReflectiveMethodInvocation.proceed(ReflectiveMethodInvocation.java:163) ~[spring-aop-5.0.13.RELEASE.jar:5.0.13.RELEASE]
	at org.springframework.aop.interceptor.ExposeInvocationInterceptor.invoke(ExposeInvocationInterceptor.java:92) ~[spring-aop-5.0.13.RELEASE.jar:5.0.13.RELEASE]
	at org.springframework.aop.framework.ReflectiveMethodInvocation.proceed(ReflectiveMethodInvocation.java:185) ~[spring-aop-5.0.13.RELEASE.jar:5.0.13.RELEASE]
	at org.springframework.aop.aspectj.MethodInvocationProceedingJoinPoint.proceed(MethodInvocationProceedingJoinPoint.java:88) ~[spring-aop-5.0.13.RELEASE.jar:5.0.13.RELEASE]
	at org.dromara.hmily.tcc.handler.StarterHmilyTccTransactionHandler.handler(StarterHmilyTccTransactionHandler.java:71) ~[hmily-tcc-2.1.1.jar:na]
	at org.dromara.hmily.core.service.HmilyTransactionAspectInvoker.invoke(HmilyTransactionAspectInvoker.java:70) ~[hmily-core-2.1.1.jar:na]
	at org.dromara.hmily.core.interceptor.HmilyGlobalInterceptor.interceptor(HmilyGlobalInterceptor.java:44) ~[hmily-core-2.1.1.jar:na]
	at org.dromara.hmily.core.aspect.AbstractHmilyTransactionAspect.interceptTccMethod(AbstractHmilyTransactionAspect.java:54) ~[hmily-core-2.1.1.jar:na]
	at sun.reflect.NativeMethodAccessorImpl.invoke0(Native Method) ~[na:1.8.0_271]
	at sun.reflect.NativeMethodAccessorImpl.invoke(NativeMethodAccessorImpl.java:62) ~[na:1.8.0_271]
	at sun.reflect.DelegatingMethodAccessorImpl.invoke(DelegatingMethodAccessorImpl.java:43) ~[na:1.8.0_271]
	at java.lang.reflect.Method.invoke(Method.java:498) ~[na:1.8.0_271]
	at org.springframework.aop.aspectj.AbstractAspectJAdvice.invokeAdviceMethodWithGivenArgs(AbstractAspectJAdvice.java:644) ~[spring-aop-5.0.13.RELEASE.jar:5.0.13.RELEASE]
	at org.springframework.aop.aspectj.AbstractAspectJAdvice.invokeAdviceMethod(AbstractAspectJAdvice.java:633) ~[spring-aop-5.0.13.RELEASE.jar:5.0.13.RELEASE]
	at org.springframework.aop.aspectj.AspectJAroundAdvice.invoke(AspectJAroundAdvice.java:70) ~[spring-aop-5.0.13.RELEASE.jar:5.0.13.RELEASE]
	at org.springframework.aop.framework.ReflectiveMethodInvocation.proceed(ReflectiveMethodInvocation.java:174) ~[spring-aop-5.0.13.RELEASE.jar:5.0.13.RELEASE]
	at org.springframework.aop.framework.CglibAopProxy$DynamicAdvisedInterceptor.intercept(CglibAopProxy.java:688) ~[spring-aop-5.0.13.RELEASE.jar:5.0.13.RELEASE]
	at com.javaAdvance.hmily.order.service.impl.PayServiceImpl$$EnhancerBySpringCGLIB$$b846b759.pay(<generated>) ~[classes/:na]
	at com.javaAdvance.hmily.order.web.OrderController.pay(OrderController.java:31) ~[classes/:na]
	at sun.reflect.NativeMethodAccessorImpl.invoke0(Native Method) ~[na:1.8.0_271]
	at sun.reflect.NativeMethodAccessorImpl.invoke(NativeMethodAccessorImpl.java:62) ~[na:1.8.0_271]
	at sun.reflect.DelegatingMethodAccessorImpl.invoke(DelegatingMethodAccessorImpl.java:43) ~[na:1.8.0_271]
	at java.lang.reflect.Method.invoke(Method.java:498) ~[na:1.8.0_271]
	at org.springframework.web.method.support.InvocableHandlerMethod.doInvoke(InvocableHandlerMethod.java:209) ~[spring-web-5.0.13.RELEASE.jar:5.0.13.RELEASE]
	at org.springframework.web.method.support.InvocableHandlerMethod.invokeForRequest(InvocableHandlerMethod.java:136) ~[spring-web-5.0.13.RELEASE.jar:5.0.13.RELEASE]
	at org.springframework.web.servlet.mvc.method.annotation.ServletInvocableHandlerMethod.invokeAndHandle(ServletInvocableHandlerMethod.java:102) ~[spring-webmvc-5.0.13.RELEASE.jar:5.0.13.RELEASE]
	at org.springframework.web.servlet.mvc.method.annotation.RequestMappingHandlerAdapter.invokeHandlerMethod(RequestMappingHandlerAdapter.java:894) ~[spring-webmvc-5.0.13.RELEASE.jar:5.0.13.RELEASE]
	at org.springframework.web.servlet.mvc.method.annotation.RequestMappingHandlerAdapter.handleInternal(RequestMappingHandlerAdapter.java:800) ~[spring-webmvc-5.0.13.RELEASE.jar:5.0.13.RELEASE]
	at org.springframework.web.servlet.mvc.method.AbstractHandlerMethodAdapter.handle(AbstractHandlerMethodAdapter.java:87) ~[spring-webmvc-5.0.13.RELEASE.jar:5.0.13.RELEASE]
	at org.springframework.web.servlet.DispatcherServlet.doDispatch(DispatcherServlet.java:991) ~[spring-webmvc-5.0.13.RELEASE.jar:5.0.13.RELEASE]
	at org.springframework.web.servlet.DispatcherServlet.doService(DispatcherServlet.java:925) ~[spring-webmvc-5.0.13.RELEASE.jar:5.0.13.RELEASE]
	at org.springframework.web.servlet.FrameworkServlet.processRequest(FrameworkServlet.java:981) ~[spring-webmvc-5.0.13.RELEASE.jar:5.0.13.RELEASE]
	at org.springframework.web.servlet.FrameworkServlet.doPost(FrameworkServlet.java:884) ~[spring-webmvc-5.0.13.RELEASE.jar:5.0.13.RELEASE]
	at javax.servlet.http.HttpServlet.service(HttpServlet.java:661) ~[tomcat-embed-core-8.5.39.jar:8.5.39]
	at org.springframework.web.servlet.FrameworkServlet.service(FrameworkServlet.java:858) ~[spring-webmvc-5.0.13.RELEASE.jar:5.0.13.RELEASE]
	at javax.servlet.http.HttpServlet.service(HttpServlet.java:742) ~[tomcat-embed-core-8.5.39.jar:8.5.39]
	at org.apache.catalina.core.ApplicationFilterChain.internalDoFilter(ApplicationFilterChain.java:231) ~[tomcat-embed-core-8.5.39.jar:8.5.39]
	at org.apache.catalina.core.ApplicationFilterChain.doFilter(ApplicationFilterChain.java:166) ~[tomcat-embed-core-8.5.39.jar:8.5.39]
	at org.apache.tomcat.websocket.server.WsFilter.doFilter(WsFilter.java:52) ~[tomcat-embed-websocket-8.5.39.jar:8.5.39]
	at org.apache.catalina.core.ApplicationFilterChain.internalDoFilter(ApplicationFilterChain.java:193) ~[tomcat-embed-core-8.5.39.jar:8.5.39]
	at org.apache.catalina.core.ApplicationFilterChain.doFilter(ApplicationFilterChain.java:166) ~[tomcat-embed-core-8.5.39.jar:8.5.39]
	at org.springframework.web.filter.RequestContextFilter.doFilterInternal(RequestContextFilter.java:99) ~[spring-web-5.0.13.RELEASE.jar:5.0.13.RELEASE]
	at org.springframework.web.filter.OncePerRequestFilter.doFilter(OncePerRequestFilter.java:107) ~[spring-web-5.0.13.RELEASE.jar:5.0.13.RELEASE]
	at org.apache.catalina.core.ApplicationFilterChain.internalDoFilter(ApplicationFilterChain.java:193) ~[tomcat-embed-core-8.5.39.jar:8.5.39]
	at org.apache.catalina.core.ApplicationFilterChain.doFilter(ApplicationFilterChain.java:166) ~[tomcat-embed-core-8.5.39.jar:8.5.39]
	at org.springframework.web.filter.HttpPutFormContentFilter.doFilterInternal(HttpPutFormContentFilter.java:109) ~[spring-web-5.0.13.RELEASE.jar:5.0.13.RELEASE]
	at org.springframework.web.filter.OncePerRequestFilter.doFilter(OncePerRequestFilter.java:107) ~[spring-web-5.0.13.RELEASE.jar:5.0.13.RELEASE]
	at org.apache.catalina.core.ApplicationFilterChain.internalDoFilter(ApplicationFilterChain.java:193) ~[tomcat-embed-core-8.5.39.jar:8.5.39]
	at org.apache.catalina.core.ApplicationFilterChain.doFilter(ApplicationFilterChain.java:166) ~[tomcat-embed-core-8.5.39.jar:8.5.39]
	at org.springframework.web.filter.HiddenHttpMethodFilter.doFilterInternal(HiddenHttpMethodFilter.java:93) ~[spring-web-5.0.13.RELEASE.jar:5.0.13.RELEASE]
	at org.springframework.web.filter.OncePerRequestFilter.doFilter(OncePerRequestFilter.java:107) ~[spring-web-5.0.13.RELEASE.jar:5.0.13.RELEASE]
	at org.apache.catalina.core.ApplicationFilterChain.internalDoFilter(ApplicationFilterChain.java:193) ~[tomcat-embed-core-8.5.39.jar:8.5.39]
	at org.apache.catalina.core.ApplicationFilterChain.doFilter(ApplicationFilterChain.java:166) ~[tomcat-embed-core-8.5.39.jar:8.5.39]
	at org.springframework.web.filter.CharacterEncodingFilter.doFilterInternal(CharacterEncodingFilter.java:200) ~[spring-web-5.0.13.RELEASE.jar:5.0.13.RELEASE]
	at org.springframework.web.filter.OncePerRequestFilter.doFilter(OncePerRequestFilter.java:107) ~[spring-web-5.0.13.RELEASE.jar:5.0.13.RELEASE]
	at org.apache.catalina.core.ApplicationFilterChain.internalDoFilter(ApplicationFilterChain.java:193) ~[tomcat-embed-core-8.5.39.jar:8.5.39]
	at org.apache.catalina.core.ApplicationFilterChain.doFilter(ApplicationFilterChain.java:166) ~[tomcat-embed-core-8.5.39.jar:8.5.39]
	at org.apache.catalina.core.StandardWrapperValve.invoke(StandardWrapperValve.java:199) ~[tomcat-embed-core-8.5.39.jar:8.5.39]
	at org.apache.catalina.core.StandardContextValve.invoke(StandardContextValve.java:96) [tomcat-embed-core-8.5.39.jar:8.5.39]
	at org.apache.catalina.authenticator.AuthenticatorBase.invoke(AuthenticatorBase.java:493) [tomcat-embed-core-8.5.39.jar:8.5.39]
	at org.apache.catalina.core.StandardHostValve.invoke(StandardHostValve.java:137) [tomcat-embed-core-8.5.39.jar:8.5.39]
	at org.apache.catalina.valves.ErrorReportValve.invoke(ErrorReportValve.java:81) [tomcat-embed-core-8.5.39.jar:8.5.39]
	at org.apache.catalina.core.StandardEngineValve.invoke(StandardEngineValve.java:87) [tomcat-embed-core-8.5.39.jar:8.5.39]
	at org.apache.catalina.connector.CoyoteAdapter.service(CoyoteAdapter.java:343) [tomcat-embed-core-8.5.39.jar:8.5.39]
	at org.apache.coyote.http11.Http11Processor.service(Http11Processor.java:798) [tomcat-embed-core-8.5.39.jar:8.5.39]
	at org.apache.coyote.AbstractProcessorLight.process(AbstractProcessorLight.java:66) [tomcat-embed-core-8.5.39.jar:8.5.39]
	at org.apache.coyote.AbstractProtocol$ConnectionHandler.process(AbstractProtocol.java:806) [tomcat-embed-core-8.5.39.jar:8.5.39]
	at org.apache.tomcat.util.net.NioEndpoint$SocketProcessor.doRun(NioEndpoint.java:1498) [tomcat-embed-core-8.5.39.jar:8.5.39]
	at org.apache.tomcat.util.net.SocketProcessorBase.run(SocketProcessorBase.java:49) [tomcat-embed-core-8.5.39.jar:8.5.39]
	at java.util.concurrent.ThreadPoolExecutor.runWorker(ThreadPoolExecutor.java:1149) [na:1.8.0_271]
	at java.util.concurrent.ThreadPoolExecutor$Worker.run(ThreadPoolExecutor.java:624) [na:1.8.0_271]
	at org.apache.tomcat.util.threads.TaskThread$WrappingRunnable.run(TaskThread.java:61) [tomcat-embed-core-8.5.39.jar:8.5.39]
	at java.lang.Thread.run(Thread.java:748) [na:1.8.0_271]

2020-12-10 22:35:03.765 ERROR 8664 --- [hmily-disruptor_consumer_HmilyTransactionExecutorHandler-8] o.d.h.t.e.HmilyTccTransactionExecutor    : HmilyParticipant cancel exception :HmilyParticipant(participantId=5891885994070654976, participantRefId=null, transId=5891885993802219520, transType=TCC, status=0, appName=null, role=1, retry=0, targetClass=com.javaAdvance.hmily.order.service.impl.PayServiceImpl, targetMethod=pay, confirmMethod=confirm, cancelMethod=cancel, version=1, createTime=Thu Dec 10 22:34:13 CST 2020, updateTime=Thu Dec 10 22:34:13 CST 2020, confirmHmilyInvocation=HmilyInvocation(targetClass=interface com.javaAdvance.hmily.order.service.PayService, methodName=pay, parameterTypes=[class java.lang.Integer, class java.lang.Integer, class java.math.BigDecimal, class java.lang.Integer], args=[1, 2, 1, 1]), cancelHmilyInvocation=HmilyInvocation(targetClass=interface com.javaAdvance.hmily.order.service.PayService, methodName=pay, parameterTypes=[class java.lang.Integer, class java.lang.Integer, class java.math.BigDecimal, class java.lang.Integer], args=[1, 2, 1, 1]))

java.lang.NoSuchMethodException: No such accessible method: cancel() on object: com.javaAdvance.hmily.order.service.impl.PayServiceImpl$$EnhancerBySpringCGLIB$$b846b759
	at org.apache.commons.lang3.reflect.MethodUtils.invokeMethod(MethodUtils.java:224) ~[commons-lang3-3.7.jar:3.7]
	at org.apache.commons.lang3.reflect.MethodUtils.invokeMethod(MethodUtils.java:256) ~[commons-lang3-3.7.jar:3.7]
	at org.dromara.hmily.core.reflect.HmilyReflector.executeLocal(HmilyReflector.java:84) ~[hmily-core-2.1.1.jar:na]
	at org.dromara.hmily.core.reflect.HmilyReflector.executor(HmilyReflector.java:61) ~[hmily-core-2.1.1.jar:na]
	at org.dromara.hmily.tcc.executor.HmilyTccTransactionExecutor.globalCancel(HmilyTccTransactionExecutor.java:206) ~[hmily-tcc-2.1.1.jar:na]
	at org.dromara.hmily.tcc.handler.StarterHmilyTccTransactionHandler.lambda$handler$1(StarterHmilyTccTransactionHandler.java:80) [hmily-tcc-2.1.1.jar:na]
	at org.dromara.hmily.core.disruptor.handler.HmilyTransactionExecutorHandler.executor(HmilyTransactionExecutorHandler.java:28) ~[hmily-core-2.1.1.jar:na]
	at org.dromara.hmily.core.disruptor.handler.HmilyTransactionExecutorHandler.executor(HmilyTransactionExecutorHandler.java:14) ~[hmily-core-2.1.1.jar:na]
	at org.dromara.hmily.core.disruptor.DisruptorConsumer.onEvent(DisruptorConsumer.java:40) ~[hmily-core-2.1.1.jar:na]
	at org.dromara.hmily.core.disruptor.DisruptorConsumer.onEvent(DisruptorConsumer.java:29) ~[hmily-core-2.1.1.jar:na]
	at com.lmax.disruptor.WorkProcessor.run(WorkProcessor.java:143) ~[disruptor-3.4.0.jar:na]
	at java.lang.Thread.run(Thread.java:748) ~[na:1.8.0_271]

